This is pdfTeX, Version 3.1415926-1.40.10 (TeX Live 2009/Debian) (format=pdflatex 2012.4.4)  22 APR 2012 19:21
entering extended mode
 %&-line parsing enabled.
**\input icon.tex
(./icon.tex (/usr/share/texmf-texlive/tex/latex/base/article.cls
Document Class: article 2007/10/19 v1.4h Standard LaTeX document class
(/usr/share/texmf-texlive/tex/latex/base/size11.clo
File: size11.clo 2007/10/19 v1.4h Standard LaTeX file (size option)
)
\c@part=\count79
\c@section=\count80
\c@subsection=\count81
\c@subsubsection=\count82
\c@paragraph=\count83
\c@subparagraph=\count84
\c@figure=\count85
\c@table=\count86
\abovecaptionskip=\skip41
\belowcaptionskip=\skip42
\bibindent=\dimen102
)
(/usr/share/texmf-texlive/tex/latex/graphics/graphicx.sty
Package: graphicx 1999/02/16 v1.0f Enhanced LaTeX Graphics (DPC,SPQR)

(/usr/share/texmf-texlive/tex/latex/graphics/keyval.sty
Package: keyval 1999/03/16 v1.13 key=value parser (DPC)
\KV@toks@=\toks14
)
(/usr/share/texmf-texlive/tex/latex/graphics/graphics.sty
Package: graphics 2009/02/05 v1.0o Standard LaTeX Graphics (DPC,SPQR)

(/usr/share/texmf-texlive/tex/latex/graphics/trig.sty
Package: trig 1999/03/16 v1.09 sin cos tan (DPC)
)
(/etc/texmf/tex/latex/config/graphics.cfg
File: graphics.cfg 2009/08/28 v1.8 graphics configuration of TeX Live
)
Package graphics Info: Driver file: pdftex.def on input line 91.

(/usr/share/texmf-texlive/tex/latex/pdftex-def/pdftex.def
File: pdftex.def 2010/03/12 v0.04p Graphics/color for pdfTeX
\Gread@gobject=\count87
))
\Gin@req@height=\dimen103
\Gin@req@width=\dimen104
) (./icon.aux)
\openout1 = `icon.aux'.

LaTeX Font Info:    Checking defaults for OML/cmm/m/it on input line 25.
LaTeX Font Info:    ... okay on input line 25.
LaTeX Font Info:    Checking defaults for T1/cmr/m/n on input line 25.
LaTeX Font Info:    ... okay on input line 25.
LaTeX Font Info:    Checking defaults for OT1/cmr/m/n on input line 25.
LaTeX Font Info:    ... okay on input line 25.
LaTeX Font Info:    Checking defaults for OMS/cmsy/m/n on input line 25.
LaTeX Font Info:    ... okay on input line 25.
LaTeX Font Info:    Checking defaults for OMX/cmex/m/n on input line 25.
LaTeX Font Info:    ... okay on input line 25.
LaTeX Font Info:    Checking defaults for U/cmr/m/n on input line 25.
LaTeX Font Info:    ... okay on input line 25.

(/usr/share/texmf-texlive/tex/context/base/supp-pdf.mkii
[Loading MPS to PDF converter (version 2006.09.02).]
\scratchcounter=\count88
\scratchdimen=\dimen105
\scratchbox=\box26
\nofMPsegments=\count89
\nofMParguments=\count90
\everyMPshowfont=\toks15
\MPscratchCnt=\count91
\MPscratchDim=\dimen106
\MPnumerator=\count92
\everyMPtoPDFconversion=\toks16
)
LaTeX Font Info:    External font `cmex10' loaded for size
(Font)              <7> on input line 28.
LaTeX Font Info:    External font `cmex10' loaded for size
(Font)              <5> on input line 28.


LaTeX Warning: File `figure/geom_rect.pdf' not found on input line 31.


! Package pdftex.def Error: File `figure/geom_rect.pdf' not found.

See the pdftex.def package documentation for explanation.
Type  H <return>  for immediate help.
 ...                                              
                                                  
l.31 ...hics[height = 0.5cm]{figure/geom_rect.pdf}
                                                  \\
Using draft setting for this image.
Try typing  <return>  to proceed.
If that doesn't work, type  X <return>  to quit.


Overfull \hbox (4.80573pt too wide) in paragraph at lines 32--32
[]\OT1/cmr/m/n/10 geom[]segment| 
 []


LaTeX Warning: File `figure/geom_segment.pdf' not found on input line 32.


! Package pdftex.def Error: File `figure/geom_segment.pdf' not found.

See the pdftex.def package documentation for explanation.
Type  H <return>  for immediate help.
 ...                                              
                                                  
l.32 ...s[height = 0.5cm]{figure/geom_segment.pdf}
                                                  \\
Using draft setting for this image.
Try typing  <return>  to proceed.
If that doesn't work, type  X <return>  to quit.


Overfull \hbox (3.38907pt too wide) in paragraph at lines 33--33
[]\OT1/cmr/m/n/10 geom[]chevron| 
 []


LaTeX Warning: File `figure/geom_chevron.pdf' not found on input line 33.


! Package pdftex.def Error: File `figure/geom_chevron.pdf' not found.

See the pdftex.def package documentation for explanation.
Type  H <return>  for immediate help.
 ...                                              
                                                  
l.33 ...s[height = 0.5cm]{figure/geom_chevron.pdf}
                                                  \\
Using draft setting for this image.
Try typing  <return>  to proceed.
If that doesn't work, type  X <return>  to quit.


LaTeX Warning: File `figure/geom_arrow.pdf' not found on input line 34.


! Package pdftex.def Error: File `figure/geom_arrow.pdf' not found.

See the pdftex.def package documentation for explanation.
Type  H <return>  for immediate help.
 ...                                              
                                                  
l.34 ...ics[height = 0.5cm]{figure/geom_arrow.pdf}
                                                  \\
Using draft setting for this image.
Try typing  <return>  to proceed.
If that doesn't work, type  X <return>  to quit.


LaTeX Warning: File `figure/geom_arch.pdf' not found on input line 35.


! Package pdftex.def Error: File `figure/geom_arch.pdf' not found.

See the pdftex.def package documentation for explanation.
Type  H <return>  for immediate help.
 ...                                              
                                                  
l.35 ...hics[height = 0.5cm]{figure/geom_arch.pdf}
                                                  \\
Using draft setting for this image.
Try typing  <return>  to proceed.
If that doesn't work, type  X <return>  to quit.


LaTeX Warning: File `figure/geom_bar.pdf' not found on input line 36.


! Package pdftex.def Error: File `figure/geom_bar.pdf' not found.

See the pdftex.def package documentation for explanation.
Type  H <return>  for immediate help.
 ...                                              
                                                  
l.36 ...phics[height = 0.5cm]{figure/geom_bar.pdf}
                                                  \\
Using draft setting for this image.
Try typing  <return>  to proceed.
If that doesn't work, type  X <return>  to quit.


Overfull \hbox (12.528pt too wide) in paragraph at lines 37--37
[]\OT1/cmr/m/n/10 geom[]alignment| 
 []


LaTeX Warning: File `figure/geom_alignment.pdf' not found on input line 38.


! Package pdftex.def Error: File `figure/geom_alignment.pdf' not found.

See the pdftex.def package documentation for explanation.
Type  H <return>  for immediate help.
 ...                                              
                                                  
l.38 ...height = 0.5cm]{figure/geom_alignment.pdf}
                                                  \\\hline
Using draft setting for this image.
Try typing  <return>  to proceed.
If that doesn't work, type  X <return>  to quit.


Overfull \hbox (5.1113pt too wide) in paragraph at lines 39--39
[]\OT1/cmr/m/n/10 stat[]aggregate| 
 []


LaTeX Warning: File `figure/stat_aggregate.pdf' not found on input line 40.


! Package pdftex.def Error: File `figure/stat_aggregate.pdf' not found.

See the pdftex.def package documentation for explanation.
Type  H <return>  for immediate help.
 ...                                              
                                                  
l.40 ...height = 0.5cm]{figure/stat_aggregate.pdf}
                                                  \\
Using draft setting for this image.
Try typing  <return>  to proceed.
If that doesn't work, type  X <return>  to quit.


LaTeX Warning: File `figure/stat_coverage_icon.pdf' not found on input line 42.



! Package pdftex.def Error: File `figure/stat_coverage_icon.pdf' not found.

See the pdftex.def package documentation for explanation.
Type  H <return>  for immediate help.
 ...                                              
                                                  
l.42 ...ht = 0.5cm]{figure/stat_coverage_icon.pdf}
                                                  \\
Using draft setting for this image.
Try typing  <return>  to proceed.
If that doesn't work, type  X <return>  to quit.


LaTeX Warning: File `figure/stat_gene.pdf' not found on input line 44.


! Package pdftex.def Error: File `figure/stat_gene.pdf' not found.

See the pdftex.def package documentation for explanation.
Type  H <return>  for immediate help.
 ...                                              
                                                  
l.44 ...hics[height = 0.5cm]{figure/stat_gene.pdf}
                                                  \\
Using draft setting for this image.
Try typing  <return>  to proceed.
If that doesn't work, type  X <return>  to quit.


LaTeX Warning: File `figure/stat_identity.pdf' not found on input line 46.


! Package pdftex.def Error: File `figure/stat_identity.pdf' not found.

See the pdftex.def package documentation for explanation.
Type  H <return>  for immediate help.
 ...                                              
                                                  
l.46 ...[height = 0.5cm]{figure/stat_identity.pdf}
                                                  \\
Using draft setting for this image.
Try typing  <return>  to proceed.
If that doesn't work, type  X <return>  to quit.


Overfull \hbox (5.41685pt too wide) in paragraph at lines 47--47
[]\OT1/cmr/m/n/10 stat[]mismatch| 
 []


Underfull \hbox (badness 5667) in paragraph at lines 47--47
[]\OT1/cmr/m/n/10 mismatch sum-mary for
 []


LaTeX Warning: File `figure/stat_mismatch.pdf' not found on input line 48.


! Package pdftex.def Error: File `figure/stat_mismatch.pdf' not found.

See the pdftex.def package documentation for explanation.
Type  H <return>  for immediate help.
 ...                                              
                                                  
l.48 ...[height = 0.5cm]{figure/stat_mismatch.pdf}
                                                  \\
Using draft setting for this image.
Try typing  <return>  to proceed.
If that doesn't work, type  X <return>  to quit.


LaTeX Warning: File `figure/stat_stepping.pdf' not found on input line 50.


! Package pdftex.def Error: File `figure/stat_stepping.pdf' not found.

See the pdftex.def package documentation for explanation.
Type  H <return>  for immediate help.
 ...                                              
                                                  
l.50 ...[height = 0.5cm]{figure/stat_stepping.pdf}
                                                  \\
Using draft setting for this image.
Try typing  <return>  to proceed.
If that doesn't work, type  X <return>  to quit.


LaTeX Warning: File `figure/stat_table.pdf' not found on input line 52.


! Package pdftex.def Error: File `figure/stat_table.pdf' not found.

See the pdftex.def package documentation for explanation.
Type  H <return>  for immediate help.
 ...                                              
                                                  
l.52 ...ics[height = 0.5cm]{figure/stat_table.pdf}
                                                  \\\hline
Using draft setting for this image.
Try typing  <return>  to proceed.
If that doesn't work, type  X <return>  to quit.


LaTeX Warning: File `figure/coord_linear.pdf' not found on input line 54.


! Package pdftex.def Error: File `figure/coord_linear.pdf' not found.

See the pdftex.def package documentation for explanation.
Type  H <return>  for immediate help.
 ...                                              
                                                  
l.54 ...s[height = 0.5cm]{figure/coord_linear.pdf}
                                                  \\
Using draft setting for this image.
Try typing  <return>  to proceed.
If that doesn't work, type  X <return>  to quit.


LaTeX Warning: File `figure/coord_genome.pdf' not found on input line 56.


! Package pdftex.def Error: File `figure/coord_genome.pdf' not found.

See the pdftex.def package documentation for explanation.
Type  H <return>  for immediate help.
 ...                                              
                                                  
l.56 ...s[height = 0.5cm]{figure/coord_genome.pdf}
                                                  \\
Using draft setting for this image.
Try typing  <return>  to proceed.
If that doesn't work, type  X <return>  to quit.


Underfull \hbox (badness 10000) in paragraph at lines 57--57
[]\OT1/cmr/m/n/10 truncate
 []


LaTeX Warning: File `figure/coord_truncate_gaps.pdf' not found on input line 58
.


! Package pdftex.def Error: File `figure/coord_truncate_gaps.pdf' not found.

See the pdftex.def package documentation for explanation.
Type  H <return>  for immediate help.
 ...                                              
                                                  
l.58 ...t = 0.5cm]{figure/coord_truncate_gaps.pdf}
                                                  \\\hline
Using draft setting for this image.
Try typing  <return>  to proceed.
If that doesn't work, type  X <return>  to quit.


Overfull \hbox (2.37346pt too wide) in paragraph at lines 59--59
[]\OT1/cmr/bx/n/10 layout| 
 []


LaTeX Warning: File `figure/coord_linear.pdf' not found on input line 59.


! Package pdftex.def Error: File `figure/coord_linear.pdf' not found.

See the pdftex.def package documentation for explanation.
Type  H <return>  for immediate help.
 ...                                              
                                                  
l.59 ...s[height = 0.5cm]{figure/coord_linear.pdf}
                                                  \\
Using draft setting for this image.
Try typing  <return>  to proceed.
If that doesn't work, type  X <return>  to quit.


LaTeX Warning: File `figure/layout_karyogram.pdf' not found on input line 61.


! Package pdftex.def Error: File `figure/layout_karyogram.pdf' not found.

See the pdftex.def package documentation for explanation.
Type  H <return>  for immediate help.
 ...                                              
                                                  
l.61 ...ight = 0.5cm]{figure/layout_karyogram.pdf}
                                                  \\
Using draft setting for this image.
Try typing  <return>  to proceed.
If that doesn't work, type  X <return>  to quit.


LaTeX Warning: File `figure/layout_circle.pdf' not found on input line 63.


! Package pdftex.def Error: File `figure/layout_circle.pdf' not found.

See the pdftex.def package documentation for explanation.
Type  H <return>  for immediate help.
 ...                                              
                                                  
l.63 ...[height = 0.5cm]{figure/layout_circle.pdf}
                                                  \\\hline
Using draft setting for this image.
Try typing  <return>  to proceed.
If that doesn't work, type  X <return>  to quit.


Overfull \hbox (10.99843pt too wide) in paragraph at lines 64--64
[]\OT1/cmr/bx/n/10 faceting| 
 []


LaTeX Warning: File `figure/facet.pdf' not found on input line 65.


! Package pdftex.def Error: File `figure/facet.pdf' not found.

See the pdftex.def package documentation for explanation.
Type  H <return>  for immediate help.
 ...                                              
                                                  
l.65 ...graphics[height = 0.5cm]{figure/facet.pdf}
                                                  \\
Using draft setting for this image.
Try typing  <return>  to proceed.
If that doesn't work, type  X <return>  to quit.


LaTeX Warning: File `figure/facet_gr.pdf' not found on input line 67.


! Package pdftex.def Error: File `figure/facet_gr.pdf' not found.

See the pdftex.def package documentation for explanation.
Type  H <return>  for immediate help.
 ...                                              
                                                  
l.67 ...phics[height = 0.5cm]{figure/facet_gr.pdf}
                                                  \\\hline
Using draft setting for this image.
Try typing  <return>  to proceed.
If that doesn't work, type  X <return>  to quit.


LaTeX Warning: File `figure/geom_rect.pdf' not found on input line 82.


! Package pdftex.def Error: File `figure/geom_rect.pdf' not found.

See the pdftex.def package documentation for explanation.
Type  H <return>  for immediate help.
 ...                                              
                                                  
l.82 ...hics[height = 0.5cm]{figure/geom_rect.pdf}
                                                  \\\hline
Using draft setting for this image.
Try typing  <return>  to proceed.
If that doesn't work, type  X <return>  to quit.


Underfull \hbox (badness 10000) in paragraph at lines 83--83
[]\OT1/cmr/m/n/10 Genomic in-ter-val
 []


LaTeX Warning: File `figure/grl.pdf' not found on input line 83.


! Package pdftex.def Error: File `figure/grl.pdf' not found.

See the pdftex.def package documentation for explanation.
Type  H <return>  for immediate help.
 ...                                              
                                                  
l.83 ...degraphics[height = 0.5cm]{figure/grl.pdf}
                                                  \\\hline
Using draft setting for this image.
Try typing  <return>  to proceed.
If that doesn't work, type  X <return>  to quit.


LaTeX Warning: File `figure/stat_stepping.pdf' not found on input line 84.


! Package pdftex.def Error: File `figure/stat_stepping.pdf' not found.

See the pdftex.def package documentation for explanation.
Type  H <return>  for immediate help.
 ...                                              
                                                  
l.84 ...[height = 0.5cm]{figure/stat_stepping.pdf}
                                                  \\\hline
Using draft setting for this image.
Try typing  <return>  to proceed.
If that doesn't work, type  X <return>  to quit.


LaTeX Warning: File `figure/stat_stepping.pdf' not found on input line 86.


! Package pdftex.def Error: File `figure/stat_stepping.pdf' not found.

See the pdftex.def package documentation for explanation.
Type  H <return>  for immediate help.
 ...                                              
                                                  
l.86 ...[height = 0.5cm]{figure/stat_stepping.pdf}
                                                  \\\hline
Using draft setting for this image.
Try typing  <return>  to proceed.
If that doesn't work, type  X <return>  to quit.


LaTeX Warning: File `figure/stat_coverage_icon.pdf' not found on input line 87.



! Package pdftex.def Error: File `figure/stat_coverage_icon.pdf' not found.

See the pdftex.def package documentation for explanation.
Type  H <return>  for immediate help.
 ...                                              
                                                  
l.87 ...ht = 0.5cm]{figure/stat_coverage_icon.pdf}
                                                  \\\hline
Using draft setting for this image.
Try typing  <return>  to proceed.
If that doesn't work, type  X <return>  to quit.


LaTeX Warning: File `figure/geom_bar.pdf' not found on input line 88.


! Package pdftex.def Error: File `figure/geom_bar.pdf' not found.

See the pdftex.def package documentation for explanation.
Type  H <return>  for immediate help.
 ...                                              
                                                  
l.88 ...phics[height = 0.5cm]{figure/geom_bar.pdf}
                                                  \\\hline
Using draft setting for this image.
Try typing  <return>  to proceed.
If that doesn't work, type  X <return>  to quit.


LaTeX Warning: File `figure/stat_stepping.pdf' not found on input line 89.


! Package pdftex.def Error: File `figure/stat_stepping.pdf' not found.

See the pdftex.def package documentation for explanation.
Type  H <return>  for immediate help.
 ...                                              
                                                  
l.89 ...[height = 0.5cm]{figure/stat_stepping.pdf}
                                                  \\\hline
Using draft setting for this image.
Try typing  <return>  to proceed.
If that doesn't work, type  X <return>  to quit.


LaTeX Warning: File `figure/stat_gene.pdf' not found on input line 90.


! Package pdftex.def Error: File `figure/stat_gene.pdf' not found.

See the pdftex.def package documentation for explanation.
Type  H <return>  for immediate help.
 ...                                              
                                                  
l.90 ...hics[height = 0.5cm]{figure/stat_gene.pdf}
                                                  \\\hline
Using draft setting for this image.
Try typing  <return>  to proceed.
If that doesn't work, type  X <return>  to quit.


LaTeX Warning: File `figure/vcf.pdf' not found on input line 91.


! Package pdftex.def Error: File `figure/vcf.pdf' not found.

See the pdftex.def package documentation for explanation.
Type  H <return>  for immediate help.
 ...                                              
                                                  
l.91 ...degraphics[height = 0.5cm]{figure/vcf.pdf}
                                                  \\\hline
Using draft setting for this image.
Try typing  <return>  to proceed.
If that doesn't work, type  X <return>  to quit.

[1

{/var/lib/texmf/fonts/map/pdftex/updmap/pdftex.map}] [2] (./icon.aux) ) 
Here is how much of TeX's memory you used:
 936 strings out of 495046
 11481 string characters out of 1181938
 77802 words of memory out of 3000000
 4149 multiletter control sequences out of 15000+50000
 5108 words of font info for 19 fonts, out of 3000000 for 9000
 28 hyphenation exceptions out of 8191
 25i,12n,19p,214b,323s stack positions out of 5000i,500n,10000p,200000b,50000s
</usr/sh
are/texmf-texlive/fonts/type1/public/amsfonts/cm/cmbx10.pfb></usr/share/texmf-t
exlive/fonts/type1/public/amsfonts/cm/cmr10.pfb></usr/share/texmf-texlive/fonts
/type1/public/amsfonts/cm/cmti10.pfb></usr/share/texmf-texlive/fonts/type1/publ
ic/amsfonts/cm/cmtt10.pfb>
Output written on icon.pdf (2 pages, 59427 bytes).
PDF statistics:
 25 PDF objects out of 1000 (max. 8388607)
 0 named destinations out of 1000 (max. 500000)
 1 words of extra memory for PDF output out of 10000 (max. 10000000)

